find_header: checking for prism.h in /Users/joelhawksley/joelhawksley/auto_preview/vendor/bundle/ruby/4.0.0/gems/prism-1.8.0/include... -------------------- yes

DYLD_LIBRARY_PATH=.:/Users/joelhawksley/.local/share/mise/installs/ruby/4.0.0/lib LSAN_OPTIONS=detect_leaks=0 "clang -o conftest -I/Users/joelhawksley/.local/share/mise/installs/ruby/4.0.0/include/ruby-4.0.0/arm64-darwin25 -I/Users/joelhawksley/.local/share/mise/installs/ruby/4.0.0/include/ruby-4.0.0/ruby/backward -I/Users/joelhawksley/.local/share/mise/installs/ruby/4.0.0/include/ruby-4.0.0 -I. -D_XOPEN_SOURCE -D_DARWIN_C_SOURCE -D_DARWIN_UNLIMITED_SELECT -D_REENTRANT   -fstack-protector-strong -U_FORTIFY_SOURCE -D_FORTIFY_SOURCE=2 -fdeclspec  -O3 -fno-fast-math -ggdb3 -Wall -Wextra -Wextra-tokens -Wdeprecated-declarations -Wdivision-by-zero -Wdiv-by-zero -Wimplicit-function-declaration -Wimplicit-int -Wpointer-arith -Wshorten-64-to-32 -Wwrite-strings -Wold-style-definition -Wmissing-noreturn -Wno-cast-function-type -Wno-constant-logical-operand -Wno-long-long -Wno-missing-field-initializers -Wno-overlength-strings -Wno-parentheses-equality -Wno-self-assign -Wno-tautological-compare -Wno-unused-parameter -Wno-unused-value -Wunused-variable -Wmisleading-indentation -Wundef -fno-common -pipe conftest.c -L. -L/Users/joelhawksley/.local/share/mise/installs/ruby/4.0.0/lib -L. -fstack-protector-strong -L/opt/homebrew/Cellar/gmp/6.3.0/lib  -arch arm64   -lruby.4.0  -lpthread  "
checked program was:
/* begin */
1: #include "ruby.h"
2: 
3: int main(int argc, char **argv)
4: {
5:   return !!argv[argc];
6: }
/* end */

DYLD_LIBRARY_PATH=.:/Users/joelhawksley/.local/share/mise/installs/ruby/4.0.0/lib LSAN_OPTIONS=detect_leaks=0 "clang -I/Users/joelhawksley/.local/share/mise/installs/ruby/4.0.0/include/ruby-4.0.0/arm64-darwin25 -I/Users/joelhawksley/.local/share/mise/installs/ruby/4.0.0/include/ruby-4.0.0/ruby/backward -I/Users/joelhawksley/.local/share/mise/installs/ruby/4.0.0/include/ruby-4.0.0 -I. -D_XOPEN_SOURCE -D_DARWIN_C_SOURCE -D_DARWIN_UNLIMITED_SELECT -D_REENTRANT   -fstack-protector-strong -U_FORTIFY_SOURCE -D_FORTIFY_SOURCE=2 -fdeclspec  -O3 -fno-fast-math -ggdb3 -Wall -Wextra -Wextra-tokens -Wdeprecated-declarations -Wdivision-by-zero -Wdiv-by-zero -Wimplicit-function-declaration -Wimplicit-int -Wpointer-arith -Wshorten-64-to-32 -Wwrite-strings -Wold-style-definition -Wmissing-noreturn -Wno-cast-function-type -Wno-constant-logical-operand -Wno-long-long -Wno-missing-field-initializers -Wno-overlength-strings -Wno-parentheses-equality -Wno-self-assign -Wno-tautological-compare -Wno-unused-parameter -Wno-unused-value -Wunused-variable -Wmisleading-indentation -Wundef -fno-common -pipe -arch arm64  -c conftest.c"
conftest.c:3:10: fatal error: 'prism.h' file not found
    3 | #include <prism.h>
      |          ^~~~~~~~~
1 error generated.
checked program was:
/* begin */
1: #include "ruby.h"
2: 
3: #include <prism.h>
/* end */

DYLD_LIBRARY_PATH=.:/Users/joelhawksley/.local/share/mise/installs/ruby/4.0.0/lib LSAN_OPTIONS=detect_leaks=0 "clang -I/Users/joelhawksley/.local/share/mise/installs/ruby/4.0.0/include/ruby-4.0.0/arm64-darwin25 -I/Users/joelhawksley/.local/share/mise/installs/ruby/4.0.0/include/ruby-4.0.0/ruby/backward -I/Users/joelhawksley/.local/share/mise/installs/ruby/4.0.0/include/ruby-4.0.0 -I. -D_XOPEN_SOURCE -D_DARWIN_C_SOURCE -D_DARWIN_UNLIMITED_SELECT -D_REENTRANT   -fstack-protector-strong -U_FORTIFY_SOURCE -D_FORTIFY_SOURCE=2 -fdeclspec  -O3 -fno-fast-math -ggdb3 -Wall -Wextra -Wextra-tokens -Wdeprecated-declarations -Wdivision-by-zero -Wdiv-by-zero -Wimplicit-function-declaration -Wimplicit-int -Wpointer-arith -Wshorten-64-to-32 -Wwrite-strings -Wold-style-definition -Wmissing-noreturn -Wno-cast-function-type -Wno-constant-logical-operand -Wno-long-long -Wno-missing-field-initializers -Wno-overlength-strings -Wno-parentheses-equality -Wno-self-assign -Wno-tautological-compare -Wno-unused-parameter -Wno-unused-value -Wunused-variable -Wmisleading-indentation -Wundef -fno-common -pipe -arch arm64 -I/Users/joelhawksley/joelhawksley/auto_preview/vendor/bundle/ruby/4.0.0/gems/prism-1.8.0/include -c conftest.c"
checked program was:
/* begin */
1: #include "ruby.h"
2: 
3: #include <prism.h>
/* end */

--------------------

find_header: checking for prism/extension.h in /Users/joelhawksley/joelhawksley/auto_preview/vendor/bundle/ruby/4.0.0/gems/prism-1.8.0/ext... -------------------- yes

DYLD_LIBRARY_PATH=.:/Users/joelhawksley/.local/share/mise/installs/ruby/4.0.0/lib LSAN_OPTIONS=detect_leaks=0 "clang -I/Users/joelhawksley/.local/share/mise/installs/ruby/4.0.0/include/ruby-4.0.0/arm64-darwin25 -I/Users/joelhawksley/.local/share/mise/installs/ruby/4.0.0/include/ruby-4.0.0/ruby/backward -I/Users/joelhawksley/.local/share/mise/installs/ruby/4.0.0/include/ruby-4.0.0 -I. -I/Users/joelhawksley/joelhawksley/auto_preview/vendor/bundle/ruby/4.0.0/gems/prism-1.8.0/include -D_XOPEN_SOURCE -D_DARWIN_C_SOURCE -D_DARWIN_UNLIMITED_SELECT -D_REENTRANT   -fstack-protector-strong -U_FORTIFY_SOURCE -D_FORTIFY_SOURCE=2 -fdeclspec  -O3 -fno-fast-math -ggdb3 -Wall -Wextra -Wextra-tokens -Wdeprecated-declarations -Wdivision-by-zero -Wdiv-by-zero -Wimplicit-function-declaration -Wimplicit-int -Wpointer-arith -Wshorten-64-to-32 -Wwrite-strings -Wold-style-definition -Wmissing-noreturn -Wno-cast-function-type -Wno-constant-logical-operand -Wno-long-long -Wno-missing-field-initializers -Wno-overlength-strings -Wno-parentheses-equality -Wno-self-assign -Wno-tautological-compare -Wno-unused-parameter -Wno-unused-value -Wunused-variable -Wmisleading-indentation -Wundef -fno-common -pipe -arch arm64  -c conftest.c"
conftest.c:3:10: fatal error: 'prism/extension.h' file not found
    3 | #include <prism/extension.h>
      |          ^~~~~~~~~~~~~~~~~~~
1 error generated.
checked program was:
/* begin */
1: #include "ruby.h"
2: 
3: #include <prism/extension.h>
/* end */

DYLD_LIBRARY_PATH=.:/Users/joelhawksley/.local/share/mise/installs/ruby/4.0.0/lib LSAN_OPTIONS=detect_leaks=0 "clang -I/Users/joelhawksley/.local/share/mise/installs/ruby/4.0.0/include/ruby-4.0.0/arm64-darwin25 -I/Users/joelhawksley/.local/share/mise/installs/ruby/4.0.0/include/ruby-4.0.0/ruby/backward -I/Users/joelhawksley/.local/share/mise/installs/ruby/4.0.0/include/ruby-4.0.0 -I. -I/Users/joelhawksley/joelhawksley/auto_preview/vendor/bundle/ruby/4.0.0/gems/prism-1.8.0/include -D_XOPEN_SOURCE -D_DARWIN_C_SOURCE -D_DARWIN_UNLIMITED_SELECT -D_REENTRANT   -fstack-protector-strong -U_FORTIFY_SOURCE -D_FORTIFY_SOURCE=2 -fdeclspec  -O3 -fno-fast-math -ggdb3 -Wall -Wextra -Wextra-tokens -Wdeprecated-declarations -Wdivision-by-zero -Wdiv-by-zero -Wimplicit-function-declaration -Wimplicit-int -Wpointer-arith -Wshorten-64-to-32 -Wwrite-strings -Wold-style-definition -Wmissing-noreturn -Wno-cast-function-type -Wno-constant-logical-operand -Wno-long-long -Wno-missing-field-initializers -Wno-overlength-strings -Wno-parentheses-equality -Wno-self-assign -Wno-tautological-compare -Wno-unused-parameter -Wno-unused-value -Wunused-variable -Wmisleading-indentation -Wundef -fno-common -pipe -arch arm64 -I/Users/joelhawksley/joelhawksley/auto_preview/vendor/bundle/ruby/4.0.0/gems/prism-1.8.0/ext -c conftest.c"
checked program was:
/* begin */
1: #include "ruby.h"
2: 
3: #include <prism/extension.h>
/* end */

--------------------

append_cflags: checking for whether -fvisibility=hidden is accepted as CFLAGS... -------------------- yes

DYLD_LIBRARY_PATH=.:/Users/joelhawksley/.local/share/mise/installs/ruby/4.0.0/lib LSAN_OPTIONS=detect_leaks=0 "clang -I/Users/joelhawksley/.local/share/mise/installs/ruby/4.0.0/include/ruby-4.0.0/arm64-darwin25 -I/Users/joelhawksley/.local/share/mise/installs/ruby/4.0.0/include/ruby-4.0.0/ruby/backward -I/Users/joelhawksley/.local/share/mise/installs/ruby/4.0.0/include/ruby-4.0.0 -I. -I/Users/joelhawksley/joelhawksley/auto_preview/vendor/bundle/ruby/4.0.0/gems/prism-1.8.0/include -I/Users/joelhawksley/joelhawksley/auto_preview/vendor/bundle/ruby/4.0.0/gems/prism-1.8.0/ext -D_XOPEN_SOURCE -D_DARWIN_C_SOURCE -D_DARWIN_UNLIMITED_SELECT -D_REENTRANT   -fstack-protector-strong -U_FORTIFY_SOURCE -D_FORTIFY_SOURCE=2 -fdeclspec  -O3 -fno-fast-math -ggdb3 -Wall -Wextra -Wextra-tokens -Wdeprecated-declarations -Wdivision-by-zero -Wdiv-by-zero -Wimplicit-function-declaration -Wimplicit-int -Wpointer-arith -Wshorten-64-to-32 -Wwrite-strings -Wold-style-definition -Wmissing-noreturn -Wno-cast-function-type -Wno-constant-logical-operand -Wno-long-long -Wno-missing-field-initializers -Wno-overlength-strings -Wno-parentheses-equality -Wno-self-assign -Wno-tautological-compare -Wno-unused-parameter -Wno-unused-value -Wunused-variable -Wmisleading-indentation -Wundef -fno-common -pipe -arch arm64 -fvisibility=hidden -Werror -c conftest.c"
checked program was:
/* begin */
1: #include "ruby.h"
2: 
3: int main(int argc, char **argv)
4: {
5:   return !!argv[argc];
6: }
/* end */

--------------------

